{"C:\\Users\\Bishop Nyasha\\OneDrive\\CSE340-STARTER\\cse340-starter\\controllers\\cartController.js": {"path":"C:\\Users\\Bishop Nyasha\\OneDrive\\CSE340-STARTER\\cse340-starter\\controllers\\cartController.js","statementMap":{"0":{"start":{"line":1,"column":18},"end":{"line":1,"column":49}},"1":{"start":{"line":2,"column":17},"end":{"line":2,"column":53}},"2":{"start":{"line":3,"column":18},"end":{"line":3,"column":41}},"3":{"start":{"line":5,"column":23},"end":{"line":5,"column":25}},"4":{"start":{"line":7,"column":0},"end":{"line":34,"column":2}},"5":{"start":{"line":8,"column":2},"end":{"line":33,"column":3}},"6":{"start":{"line":9,"column":4},"end":{"line":12,"column":5}},"7":{"start":{"line":10,"column":6},"end":{"line":10,"column":62}},"8":{"start":{"line":11,"column":6},"end":{"line":11,"column":44}},"9":{"start":{"line":14,"column":22},"end":{"line":14,"column":80}},"10":{"start":{"line":15,"column":16},"end":{"line":15,"column":40}},"11":{"start":{"line":17,"column":16},"end":{"line":17,"column":17}},"12":{"start":{"line":18,"column":4},"end":{"line":20,"column":7}},"13":{"start":{"line":19,"column":6},"end":{"line":19,"column":46}},"14":{"start":{"line":22,"column":4},"end":{"line":28,"column":7}},"15":{"start":{"line":30,"column":4},"end":{"line":30,"column":43}},"16":{"start":{"line":31,"column":4},"end":{"line":31,"column":70}},"17":{"start":{"line":32,"column":4},"end":{"line":32,"column":22}},"18":{"start":{"line":36,"column":0},"end":{"line":75,"column":2}},"19":{"start":{"line":37,"column":2},"end":{"line":74,"column":3}},"20":{"start":{"line":38,"column":4},"end":{"line":41,"column":5}},"21":{"start":{"line":39,"column":6},"end":{"line":39,"column":70}},"22":{"start":{"line":40,"column":6},"end":{"line":40,"column":44}},"23":{"start":{"line":43,"column":36},"end":{"line":43,"column":44}},"24":{"start":{"line":45,"column":4},"end":{"line":50,"column":5}},"25":{"start":{"line":46,"column":6},"end":{"line":49,"column":9}},"26":{"start":{"line":52,"column":20},"end":{"line":52,"column":58}},"27":{"start":{"line":53,"column":4},"end":{"line":58,"column":5}},"28":{"start":{"line":54,"column":6},"end":{"line":57,"column":9}},"29":{"start":{"line":60,"column":4},"end":{"line":60,"column":71}},"30":{"start":{"line":61,"column":4},"end":{"line":61,"column":104}},"31":{"start":{"line":63,"column":4},"end":{"line":67,"column":7}},"32":{"start":{"line":69,"column":4},"end":{"line":69,"column":45}},"33":{"start":{"line":70,"column":4},"end":{"line":73,"column":7}},"34":{"start":{"line":77,"column":0},"end":{"line":115,"column":2}},"35":{"start":{"line":78,"column":2},"end":{"line":114,"column":3}},"36":{"start":{"line":79,"column":4},"end":{"line":84,"column":5}},"37":{"start":{"line":80,"column":6},"end":{"line":83,"column":9}},"38":{"start":{"line":86,"column":33},"end":{"line":86,"column":41}},"39":{"start":{"line":88,"column":4},"end":{"line":93,"column":5}},"40":{"start":{"line":89,"column":6},"end":{"line":92,"column":9}},"41":{"start":{"line":95,"column":20},"end":{"line":95,"column":72}},"42":{"start":{"line":96,"column":4},"end":{"line":101,"column":5}},"43":{"start":{"line":97,"column":6},"end":{"line":100,"column":9}},"44":{"start":{"line":103,"column":4},"end":{"line":107,"column":7}},"45":{"start":{"line":109,"column":4},"end":{"line":109,"column":49}},"46":{"start":{"line":110,"column":4},"end":{"line":113,"column":7}},"47":{"start":{"line":117,"column":0},"end":{"line":149,"column":2}},"48":{"start":{"line":118,"column":2},"end":{"line":148,"column":3}},"49":{"start":{"line":119,"column":4},"end":{"line":124,"column":5}},"50":{"start":{"line":120,"column":6},"end":{"line":123,"column":9}},"51":{"start":{"line":126,"column":23},"end":{"line":126,"column":31}},"52":{"start":{"line":128,"column":4},"end":{"line":133,"column":5}},"53":{"start":{"line":129,"column":6},"end":{"line":132,"column":9}},"54":{"start":{"line":135,"column":4},"end":{"line":135,"column":43}},"55":{"start":{"line":136,"column":4},"end":{"line":136,"column":52}},"56":{"start":{"line":138,"column":4},"end":{"line":141,"column":7}},"57":{"start":{"line":143,"column":4},"end":{"line":143,"column":45}},"58":{"start":{"line":144,"column":4},"end":{"line":147,"column":7}},"59":{"start":{"line":151,"column":0},"end":{"line":174,"column":2}},"60":{"start":{"line":152,"column":2},"end":{"line":173,"column":3}},"61":{"start":{"line":153,"column":4},"end":{"line":158,"column":5}},"62":{"start":{"line":154,"column":6},"end":{"line":157,"column":9}},"63":{"start":{"line":160,"column":4},"end":{"line":160,"column":54}},"64":{"start":{"line":161,"column":4},"end":{"line":161,"column":42}},"65":{"start":{"line":163,"column":4},"end":{"line":166,"column":7}},"66":{"start":{"line":168,"column":4},"end":{"line":168,"column":44}},"67":{"start":{"line":169,"column":4},"end":{"line":172,"column":7}},"68":{"start":{"line":176,"column":0},"end":{"line":176,"column":32}}},"fnMap":{"0":{"name":"viewCart","decl":{"start":{"line":7,"column":41},"end":{"line":7,"column":49}},"loc":{"start":{"line":7,"column":60},"end":{"line":34,"column":1}},"line":7},"1":{"name":"(anonymous_1)","decl":{"start":{"line":18,"column":22},"end":{"line":18,"column":23}},"loc":{"start":{"line":18,"column":30},"end":{"line":20,"column":5}},"line":18},"2":{"name":"addToCart","decl":{"start":{"line":36,"column":42},"end":{"line":36,"column":51}},"loc":{"start":{"line":36,"column":62},"end":{"line":75,"column":1}},"line":36},"3":{"name":"updateQuantity","decl":{"start":{"line":77,"column":47},"end":{"line":77,"column":61}},"loc":{"start":{"line":77,"column":72},"end":{"line":115,"column":1}},"line":77},"4":{"name":"removeItem","decl":{"start":{"line":117,"column":43},"end":{"line":117,"column":53}},"loc":{"start":{"line":117,"column":64},"end":{"line":149,"column":1}},"line":117},"5":{"name":"clearCart","decl":{"start":{"line":151,"column":42},"end":{"line":151,"column":51}},"loc":{"start":{"line":151,"column":62},"end":{"line":174,"column":1}},"line":151}},"branchMap":{"0":{"loc":{"start":{"line":9,"column":4},"end":{"line":12,"column":5}},"type":"if","locations":[{"start":{"line":9,"column":4},"end":{"line":12,"column":5}},{"start":{},"end":{}}],"line":9},"1":{"loc":{"start":{"line":38,"column":4},"end":{"line":41,"column":5}},"type":"if","locations":[{"start":{"line":38,"column":4},"end":{"line":41,"column":5}},{"start":{},"end":{}}],"line":38},"2":{"loc":{"start":{"line":43,"column":19},"end":{"line":43,"column":31}},"type":"default-arg","locations":[{"start":{"line":43,"column":30},"end":{"line":43,"column":31}}],"line":43},"3":{"loc":{"start":{"line":45,"column":4},"end":{"line":50,"column":5}},"type":"if","locations":[{"start":{"line":45,"column":4},"end":{"line":50,"column":5}},{"start":{},"end":{}}],"line":45},"4":{"loc":{"start":{"line":45,"column":8},"end":{"line":45,"column":61}},"type":"binary-expr","locations":[{"start":{"line":45,"column":8},"end":{"line":45,"column":14}},{"start":{"line":45,"column":18},"end":{"line":45,"column":36}},{"start":{"line":45,"column":40},"end":{"line":45,"column":61}}],"line":45},"5":{"loc":{"start":{"line":53,"column":4},"end":{"line":58,"column":5}},"type":"if","locations":[{"start":{"line":53,"column":4},"end":{"line":58,"column":5}},{"start":{},"end":{}}],"line":53},"6":{"loc":{"start":{"line":72,"column":15},"end":{"line":72,"column":59}},"type":"binary-expr","locations":[{"start":{"line":72,"column":15},"end":{"line":72,"column":26}},{"start":{"line":72,"column":30},"end":{"line":72,"column":59}}],"line":72},"7":{"loc":{"start":{"line":79,"column":4},"end":{"line":84,"column":5}},"type":"if","locations":[{"start":{"line":79,"column":4},"end":{"line":84,"column":5}},{"start":{},"end":{}}],"line":79},"8":{"loc":{"start":{"line":88,"column":4},"end":{"line":93,"column":5}},"type":"if","locations":[{"start":{"line":88,"column":4},"end":{"line":93,"column":5}},{"start":{},"end":{}}],"line":88},"9":{"loc":{"start":{"line":88,"column":8},"end":{"line":88,"column":40}},"type":"binary-expr","locations":[{"start":{"line":88,"column":8},"end":{"line":88,"column":15}},{"start":{"line":88,"column":19},"end":{"line":88,"column":40}}],"line":88},"10":{"loc":{"start":{"line":96,"column":4},"end":{"line":101,"column":5}},"type":"if","locations":[{"start":{"line":96,"column":4},"end":{"line":101,"column":5}},{"start":{},"end":{}}],"line":96},"11":{"loc":{"start":{"line":119,"column":4},"end":{"line":124,"column":5}},"type":"if","locations":[{"start":{"line":119,"column":4},"end":{"line":124,"column":5}},{"start":{},"end":{}}],"line":119},"12":{"loc":{"start":{"line":128,"column":4},"end":{"line":133,"column":5}},"type":"if","locations":[{"start":{"line":128,"column":4},"end":{"line":133,"column":5}},{"start":{},"end":{}}],"line":128},"13":{"loc":{"start":{"line":153,"column":4},"end":{"line":158,"column":5}},"type":"if","locations":[{"start":{"line":153,"column":4},"end":{"line":158,"column":5}},{"start":{},"end":{}}],"line":153}},"s":{"0":2,"1":2,"2":2,"3":2,"4":2,"5":0,"6":0,"7":0,"8":0,"9":0,"10":0,"11":0,"12":0,"13":0,"14":0,"15":0,"16":0,"17":0,"18":2,"19":5,"20":5,"21":1,"22":1,"23":4,"24":4,"25":1,"26":3,"27":3,"28":1,"29":2,"30":2,"31":1,"32":1,"33":1,"34":2,"35":0,"36":0,"37":0,"38":0,"39":0,"40":0,"41":0,"42":0,"43":0,"44":0,"45":0,"46":0,"47":2,"48":0,"49":0,"50":0,"51":0,"52":0,"53":0,"54":0,"55":0,"56":0,"57":0,"58":0,"59":2,"60":0,"61":0,"62":0,"63":0,"64":0,"65":0,"66":0,"67":0,"68":2},"f":{"0":0,"1":0,"2":5,"3":0,"4":0,"5":0},"b":{"0":[0,0],"1":[1,4],"2":[0],"3":[1,3],"4":[4,3,3],"5":[1,2],"6":[1,0],"7":[0,0],"8":[0,0],"9":[0,0],"10":[0,0],"11":[0,0],"12":[0,0],"13":[0,0]},"_coverageSchema":"1a1c01bbd47fc00a2c39e90264f33305004495a9","hash":"2af6bc4111299bb55d511bd3fb10be060176a22f"}
,"C:\\Users\\Bishop Nyasha\\OneDrive\\CSE340-STARTER\\cse340-starter\\controllers\\wishlistController.js": {"path":"C:\\Users\\Bishop Nyasha\\OneDrive\\CSE340-STARTER\\cse340-starter\\controllers\\wishlistController.js","statementMap":{"0":{"start":{"line":1,"column":22},"end":{"line":1,"column":57}},"1":{"start":{"line":2,"column":17},"end":{"line":2,"column":53}},"2":{"start":{"line":3,"column":18},"end":{"line":3,"column":41}},"3":{"start":{"line":5,"column":27},"end":{"line":5,"column":29}},"4":{"start":{"line":7,"column":0},"end":{"line":28,"column":2}},"5":{"start":{"line":8,"column":2},"end":{"line":27,"column":3}},"6":{"start":{"line":9,"column":4},"end":{"line":12,"column":5}},"7":{"start":{"line":10,"column":6},"end":{"line":10,"column":66}},"8":{"start":{"line":11,"column":6},"end":{"line":11,"column":44}},"9":{"start":{"line":14,"column":26},"end":{"line":14,"column":92}},"10":{"start":{"line":15,"column":16},"end":{"line":15,"column":40}},"11":{"start":{"line":17,"column":4},"end":{"line":22,"column":7}},"12":{"start":{"line":24,"column":4},"end":{"line":24,"column":47}},"13":{"start":{"line":25,"column":4},"end":{"line":25,"column":74}},"14":{"start":{"line":26,"column":4},"end":{"line":26,"column":22}},"15":{"start":{"line":30,"column":0},"end":{"line":77,"column":2}},"16":{"start":{"line":31,"column":2},"end":{"line":76,"column":3}},"17":{"start":{"line":32,"column":4},"end":{"line":35,"column":5}},"18":{"start":{"line":33,"column":6},"end":{"line":33,"column":74}},"19":{"start":{"line":34,"column":6},"end":{"line":34,"column":44}},"20":{"start":{"line":37,"column":22},"end":{"line":37,"column":30}},"21":{"start":{"line":39,"column":4},"end":{"line":44,"column":5}},"22":{"start":{"line":40,"column":6},"end":{"line":43,"column":9}},"23":{"start":{"line":46,"column":20},"end":{"line":46,"column":58}},"24":{"start":{"line":47,"column":4},"end":{"line":52,"column":5}},"25":{"start":{"line":48,"column":6},"end":{"line":51,"column":9}},"26":{"start":{"line":54,"column":25},"end":{"line":54,"column":91}},"27":{"start":{"line":55,"column":4},"end":{"line":60,"column":5}},"28":{"start":{"line":56,"column":6},"end":{"line":59,"column":9}},"29":{"start":{"line":62,"column":4},"end":{"line":62,"column":69}},"30":{"start":{"line":63,"column":4},"end":{"line":63,"column":108}},"31":{"start":{"line":65,"column":4},"end":{"line":69,"column":7}},"32":{"start":{"line":71,"column":4},"end":{"line":71,"column":49}},"33":{"start":{"line":72,"column":4},"end":{"line":75,"column":7}},"34":{"start":{"line":79,"column":0},"end":{"line":111,"column":2}},"35":{"start":{"line":80,"column":2},"end":{"line":110,"column":3}},"36":{"start":{"line":81,"column":4},"end":{"line":86,"column":5}},"37":{"start":{"line":82,"column":6},"end":{"line":85,"column":9}},"38":{"start":{"line":88,"column":27},"end":{"line":88,"column":35}},"39":{"start":{"line":90,"column":4},"end":{"line":95,"column":5}},"40":{"start":{"line":91,"column":6},"end":{"line":94,"column":9}},"41":{"start":{"line":97,"column":4},"end":{"line":97,"column":55}},"42":{"start":{"line":98,"column":4},"end":{"line":98,"column":56}},"43":{"start":{"line":100,"column":4},"end":{"line":103,"column":7}},"44":{"start":{"line":105,"column":4},"end":{"line":105,"column":54}},"45":{"start":{"line":106,"column":4},"end":{"line":109,"column":7}},"46":{"start":{"line":113,"column":0},"end":{"line":113,"column":36}}},"fnMap":{"0":{"name":"viewWishlist","decl":{"start":{"line":7,"column":49},"end":{"line":7,"column":61}},"loc":{"start":{"line":7,"column":72},"end":{"line":28,"column":1}},"line":7},"1":{"name":"addToWishlist","decl":{"start":{"line":30,"column":50},"end":{"line":30,"column":63}},"loc":{"start":{"line":30,"column":74},"end":{"line":77,"column":1}},"line":30},"2":{"name":"removeFromWishlist","decl":{"start":{"line":79,"column":55},"end":{"line":79,"column":73}},"loc":{"start":{"line":79,"column":84},"end":{"line":111,"column":1}},"line":79}},"branchMap":{"0":{"loc":{"start":{"line":9,"column":4},"end":{"line":12,"column":5}},"type":"if","locations":[{"start":{"line":9,"column":4},"end":{"line":12,"column":5}},{"start":{},"end":{}}],"line":9},"1":{"loc":{"start":{"line":32,"column":4},"end":{"line":35,"column":5}},"type":"if","locations":[{"start":{"line":32,"column":4},"end":{"line":35,"column":5}},{"start":{},"end":{}}],"line":32},"2":{"loc":{"start":{"line":39,"column":4},"end":{"line":44,"column":5}},"type":"if","locations":[{"start":{"line":39,"column":4},"end":{"line":44,"column":5}},{"start":{},"end":{}}],"line":39},"3":{"loc":{"start":{"line":39,"column":8},"end":{"line":39,"column":36}},"type":"binary-expr","locations":[{"start":{"line":39,"column":8},"end":{"line":39,"column":14}},{"start":{"line":39,"column":18},"end":{"line":39,"column":36}}],"line":39},"4":{"loc":{"start":{"line":47,"column":4},"end":{"line":52,"column":5}},"type":"if","locations":[{"start":{"line":47,"column":4},"end":{"line":52,"column":5}},{"start":{},"end":{}}],"line":47},"5":{"loc":{"start":{"line":55,"column":4},"end":{"line":60,"column":5}},"type":"if","locations":[{"start":{"line":55,"column":4},"end":{"line":60,"column":5}},{"start":{},"end":{}}],"line":55},"6":{"loc":{"start":{"line":74,"column":15},"end":{"line":74,"column":63}},"type":"binary-expr","locations":[{"start":{"line":74,"column":15},"end":{"line":74,"column":26}},{"start":{"line":74,"column":30},"end":{"line":74,"column":63}}],"line":74},"7":{"loc":{"start":{"line":81,"column":4},"end":{"line":86,"column":5}},"type":"if","locations":[{"start":{"line":81,"column":4},"end":{"line":86,"column":5}},{"start":{},"end":{}}],"line":81},"8":{"loc":{"start":{"line":90,"column":4},"end":{"line":95,"column":5}},"type":"if","locations":[{"start":{"line":90,"column":4},"end":{"line":95,"column":5}},{"start":{},"end":{}}],"line":90}},"s":{"0":2,"1":2,"2":2,"3":2,"4":2,"5":0,"6":0,"7":0,"8":0,"9":0,"10":0,"11":0,"12":0,"13":0,"14":0,"15":2,"16":5,"17":5,"18":1,"19":1,"20":4,"21":4,"22":1,"23":3,"24":3,"25":1,"26":2,"27":2,"28":0,"29":2,"30":2,"31":1,"32":1,"33":1,"34":2,"35":0,"36":0,"37":0,"38":0,"39":0,"40":0,"41":0,"42":0,"43":0,"44":0,"45":0,"46":2},"f":{"0":0,"1":5,"2":0},"b":{"0":[0,0],"1":[1,4],"2":[1,3],"3":[4,3],"4":[1,2],"5":[0,2],"6":[1,0],"7":[0,0],"8":[0,0]},"_coverageSchema":"1a1c01bbd47fc00a2c39e90264f33305004495a9","hash":"9a98c57abf6e090c57597e9e155b5c87d2a9609b"}
,"C:\\Users\\Bishop Nyasha\\OneDrive\\CSE340-STARTER\\cse340-starter\\database\\index.js": {"path":"C:\\Users\\Bishop Nyasha\\OneDrive\\CSE340-STARTER\\cse340-starter\\database\\index.js","statementMap":{"0":{"start":{"line":1,"column":17},"end":{"line":1,"column":30}},"1":{"start":{"line":8,"column":26},"end":{"line":8,"column":28}},"2":{"start":{"line":10,"column":22},"end":{"line":28,"column":1}},"3":{"start":{"line":11,"column":2},"end":{"line":27,"column":3}},"4":{"start":{"line":12,"column":19},"end":{"line":12,"column":31}},"5":{"start":{"line":14,"column":4},"end":{"line":16,"column":5}},"6":{"start":{"line":15,"column":6},"end":{"line":15,"column":72}},"7":{"start":{"line":17,"column":4},"end":{"line":19,"column":5}},"8":{"start":{"line":18,"column":6},"end":{"line":18,"column":52}},"9":{"start":{"line":20,"column":4},"end":{"line":20,"column":29}},"10":{"start":{"line":23,"column":4},"end":{"line":25,"column":5}},"11":{"start":{"line":24,"column":6},"end":{"line":24,"column":86}},"12":{"start":{"line":26,"column":4},"end":{"line":26,"column":69}},"13":{"start":{"line":30,"column":0},"end":{"line":43,"column":1}},"14":{"start":{"line":31,"column":22},"end":{"line":31,"column":46}},"15":{"start":{"line":32,"column":19},"end":{"line":32,"column":45}},"16":{"start":{"line":33,"column":2},"end":{"line":35,"column":3}},"17":{"start":{"line":34,"column":4},"end":{"line":34,"column":88}},"18":{"start":{"line":36,"column":2},"end":{"line":36,"column":48}},"19":{"start":{"line":38,"column":2},"end":{"line":38,"column":47}},"20":{"start":{"line":39,"column":2},"end":{"line":39,"column":47}},"21":{"start":{"line":40,"column":2},"end":{"line":40,"column":51}},"22":{"start":{"line":41,"column":2},"end":{"line":41,"column":47}},"23":{"start":{"line":42,"column":2},"end":{"line":42,"column":55}},"24":{"start":{"line":53,"column":21},"end":{"line":59,"column":4}},"25":{"start":{"line":54,"column":2},"end":{"line":54,"column":49}},"26":{"start":{"line":54,"column":37},"end":{"line":54,"column":49}},"27":{"start":{"line":55,"column":2},"end":{"line":55,"column":51}},"28":{"start":{"line":55,"column":38},"end":{"line":55,"column":51}},"29":{"start":{"line":56,"column":2},"end":{"line":56,"column":44}},"30":{"start":{"line":56,"column":32},"end":{"line":56,"column":44}},"31":{"start":{"line":57,"column":2},"end":{"line":57,"column":57}},"32":{"start":{"line":57,"column":45},"end":{"line":57,"column":57}},"33":{"start":{"line":58,"column":2},"end":{"line":58,"column":15}},"34":{"start":{"line":61,"column":0},"end":{"line":65,"column":1}},"35":{"start":{"line":63,"column":4},"end":{"line":63,"column":68}},"36":{"start":{"line":64,"column":2},"end":{"line":64,"column":49}},"37":{"start":{"line":67,"column":13},"end":{"line":67,"column":40}},"38":{"start":{"line":69,"column":0},"end":{"line":69,"column":22}}},"fnMap":{"0":{"name":"(anonymous_0)","decl":{"start":{"line":10,"column":22},"end":{"line":10,"column":23}},"loc":{"start":{"line":10,"column":31},"end":{"line":28,"column":1}},"line":10},"1":{"name":"(anonymous_1)","decl":{"start":{"line":53,"column":22},"end":{"line":53,"column":23}},"loc":{"start":{"line":53,"column":28},"end":{"line":59,"column":1}},"line":53}},"branchMap":{"0":{"loc":{"start":{"line":14,"column":4},"end":{"line":16,"column":5}},"type":"if","locations":[{"start":{"line":14,"column":4},"end":{"line":16,"column":5}},{"start":{},"end":{}}],"line":14},"1":{"loc":{"start":{"line":14,"column":8},"end":{"line":14,"column":95}},"type":"binary-expr","locations":[{"start":{"line":14,"column":8},"end":{"line":14,"column":23}},{"start":{"line":14,"column":27},"end":{"line":14,"column":57}},{"start":{"line":14,"column":61},"end":{"line":14,"column":95}}],"line":14},"2":{"loc":{"start":{"line":17,"column":4},"end":{"line":19,"column":5}},"type":"if","locations":[{"start":{"line":17,"column":4},"end":{"line":19,"column":5}},{"start":{},"end":{}}],"line":17},"3":{"loc":{"start":{"line":23,"column":4},"end":{"line":25,"column":5}},"type":"if","locations":[{"start":{"line":23,"column":4},"end":{"line":25,"column":5}},{"start":{},"end":{}}],"line":23},"4":{"loc":{"start":{"line":23,"column":8},"end":{"line":23,"column":77}},"type":"binary-expr","locations":[{"start":{"line":23,"column":8},"end":{"line":23,"column":29}},{"start":{"line":23,"column":33},"end":{"line":23,"column":77}}],"line":23},"5":{"loc":{"start":{"line":26,"column":11},"end":{"line":26,"column":68}},"type":"cond-expr","locations":[{"start":{"line":26,"column":38},"end":{"line":26,"column":41}},{"start":{"line":26,"column":44},"end":{"line":26,"column":68}}],"line":26},"6":{"loc":{"start":{"line":30,"column":0},"end":{"line":43,"column":1}},"type":"if","locations":[{"start":{"line":30,"column":0},"end":{"line":43,"column":1}},{"start":{"line":37,"column":7},"end":{"line":43,"column":1}}],"line":30},"7":{"loc":{"start":{"line":33,"column":2},"end":{"line":35,"column":3}},"type":"if","locations":[{"start":{"line":33,"column":2},"end":{"line":35,"column":3}},{"start":{},"end":{}}],"line":33},"8":{"loc":{"start":{"line":33,"column":6},"end":{"line":33,"column":71}},"type":"binary-expr","locations":[{"start":{"line":33,"column":6},"end":{"line":33,"column":30}},{"start":{"line":33,"column":34},"end":{"line":33,"column":71}}],"line":33},"9":{"loc":{"start":{"line":54,"column":2},"end":{"line":54,"column":49}},"type":"if","locations":[{"start":{"line":54,"column":2},"end":{"line":54,"column":49}},{"start":{},"end":{}}],"line":54},"10":{"loc":{"start":{"line":55,"column":2},"end":{"line":55,"column":51}},"type":"if","locations":[{"start":{"line":55,"column":2},"end":{"line":55,"column":51}},{"start":{},"end":{}}],"line":55},"11":{"loc":{"start":{"line":56,"column":2},"end":{"line":56,"column":44}},"type":"if","locations":[{"start":{"line":56,"column":2},"end":{"line":56,"column":44}},{"start":{},"end":{}}],"line":56},"12":{"loc":{"start":{"line":57,"column":2},"end":{"line":57,"column":57}},"type":"if","locations":[{"start":{"line":57,"column":2},"end":{"line":57,"column":57}},{"start":{},"end":{}}],"line":57},"13":{"loc":{"start":{"line":61,"column":0},"end":{"line":65,"column":1}},"type":"if","locations":[{"start":{"line":61,"column":0},"end":{"line":65,"column":1}},{"start":{},"end":{}}],"line":61},"14":{"loc":{"start":{"line":63,"column":4},"end":{"line":63,"column":68}},"type":"cond-expr","locations":[{"start":{"line":63,"column":56},"end":{"line":63,"column":60}},{"start":{"line":63,"column":63},"end":{"line":63,"column":68}}],"line":63}},"s":{"0":6,"1":6,"2":6,"3":0,"4":0,"5":0,"6":0,"7":0,"8":0,"9":0,"10":0,"11":0,"12":0,"13":6,"14":0,"15":0,"16":0,"17":0,"18":0,"19":6,"20":6,"21":6,"22":6,"23":6,"24":6,"25":6,"26":0,"27":6,"28":0,"29":6,"30":0,"31":6,"32":0,"33":6,"34":6,"35":0,"36":0,"37":6,"38":6},"f":{"0":0,"1":6},"b":{"0":[0,0],"1":[0,0,0],"2":[0,0],"3":[0,0],"4":[0,0],"5":[0,0],"6":[0,6],"7":[0,0],"8":[0,0],"9":[0,6],"10":[0,6],"11":[0,6],"12":[0,6],"13":[0,6],"14":[0,0]},"_coverageSchema":"1a1c01bbd47fc00a2c39e90264f33305004495a9","hash":"fb63e1557bceb0b377812c3926e1b949aa290b08"}
,"C:\\Users\\Bishop Nyasha\\OneDrive\\CSE340-STARTER\\cse340-starter\\models\\cart-model.js": {"path":"C:\\Users\\Bishop Nyasha\\OneDrive\\CSE340-STARTER\\cse340-starter\\models\\cart-model.js","statementMap":{"0":{"start":{"line":1,"column":13},"end":{"line":1,"column":36}},"1":{"start":{"line":4,"column":14},"end":{"line":21,"column":3}},"2":{"start":{"line":22,"column":17},"end":{"line":22,"column":59}},"3":{"start":{"line":23,"column":2},"end":{"line":23,"column":21}},"4":{"start":{"line":27,"column":14},"end":{"line":31,"column":3}},"5":{"start":{"line":32,"column":17},"end":{"line":32,"column":74}},"6":{"start":{"line":33,"column":2},"end":{"line":33,"column":24}},"7":{"start":{"line":37,"column":14},"end":{"line":43,"column":3}},"8":{"start":{"line":44,"column":2},"end":{"line":52,"column":3}},"9":{"start":{"line":45,"column":19},"end":{"line":45,"column":94}},"10":{"start":{"line":46,"column":4},"end":{"line":46,"column":26}},"11":{"start":{"line":48,"column":20},"end":{"line":48,"column":78}},"12":{"start":{"line":49,"column":4},"end":{"line":49,"column":25}},"13":{"start":{"line":50,"column":4},"end":{"line":50,"column":26}},"14":{"start":{"line":51,"column":4},"end":{"line":51,"column":18}},"15":{"start":{"line":56,"column":14},"end":{"line":61,"column":3}},"16":{"start":{"line":62,"column":2},"end":{"line":70,"column":3}},"17":{"start":{"line":63,"column":19},"end":{"line":63,"column":76}},"18":{"start":{"line":64,"column":4},"end":{"line":64,"column":26}},"19":{"start":{"line":66,"column":20},"end":{"line":66,"column":82}},"20":{"start":{"line":67,"column":4},"end":{"line":67,"column":25}},"21":{"start":{"line":68,"column":4},"end":{"line":68,"column":26}},"22":{"start":{"line":69,"column":4},"end":{"line":69,"column":18}},"23":{"start":{"line":74,"column":14},"end":{"line":78,"column":3}},"24":{"start":{"line":79,"column":2},"end":{"line":87,"column":3}},"25":{"start":{"line":80,"column":19},"end":{"line":80,"column":58}},"26":{"start":{"line":81,"column":4},"end":{"line":81,"column":26}},"27":{"start":{"line":83,"column":20},"end":{"line":83,"column":83}},"28":{"start":{"line":84,"column":4},"end":{"line":84,"column":25}},"29":{"start":{"line":85,"column":4},"end":{"line":85,"column":26}},"30":{"start":{"line":86,"column":4},"end":{"line":86,"column":18}},"31":{"start":{"line":91,"column":14},"end":{"line":94,"column":3}},"32":{"start":{"line":95,"column":2},"end":{"line":103,"column":3}},"33":{"start":{"line":96,"column":4},"end":{"line":96,"column":47}},"34":{"start":{"line":97,"column":4},"end":{"line":97,"column":16}},"35":{"start":{"line":99,"column":20},"end":{"line":99,"column":72}},"36":{"start":{"line":100,"column":4},"end":{"line":100,"column":25}},"37":{"start":{"line":101,"column":4},"end":{"line":101,"column":26}},"38":{"start":{"line":102,"column":4},"end":{"line":102,"column":18}},"39":{"start":{"line":106,"column":0},"end":{"line":113,"column":2}}},"fnMap":{"0":{"name":"getCartByAccountId","decl":{"start":{"line":3,"column":15},"end":{"line":3,"column":33}},"loc":{"start":{"line":3,"column":45},"end":{"line":24,"column":1}},"line":3},"1":{"name":"getCartItem","decl":{"start":{"line":26,"column":15},"end":{"line":26,"column":26}},"loc":{"start":{"line":26,"column":45},"end":{"line":34,"column":1}},"line":26},"2":{"name":"addToCart","decl":{"start":{"line":36,"column":15},"end":{"line":36,"column":24}},"loc":{"start":{"line":36,"column":57},"end":{"line":53,"column":1}},"line":36},"3":{"name":"updateCartQuantity","decl":{"start":{"line":55,"column":15},"end":{"line":55,"column":33}},"loc":{"start":{"line":55,"column":52},"end":{"line":71,"column":1}},"line":55},"4":{"name":"removeFromCart","decl":{"start":{"line":73,"column":15},"end":{"line":73,"column":29}},"loc":{"start":{"line":73,"column":38},"end":{"line":88,"column":1}},"line":73},"5":{"name":"clearCart","decl":{"start":{"line":90,"column":15},"end":{"line":90,"column":24}},"loc":{"start":{"line":90,"column":36},"end":{"line":104,"column":1}},"line":90}},"branchMap":{"0":{"loc":{"start":{"line":36,"column":43},"end":{"line":36,"column":55}},"type":"default-arg","locations":[{"start":{"line":36,"column":54},"end":{"line":36,"column":55}}],"line":36}},"s":{"0":1,"1":0,"2":0,"3":0,"4":0,"5":0,"6":0,"7":0,"8":0,"9":0,"10":0,"11":0,"12":0,"13":0,"14":0,"15":0,"16":0,"17":0,"18":0,"19":0,"20":0,"21":0,"22":0,"23":0,"24":0,"25":0,"26":0,"27":0,"28":0,"29":0,"30":0,"31":0,"32":0,"33":0,"34":0,"35":0,"36":0,"37":0,"38":0,"39":1},"f":{"0":0,"1":0,"2":0,"3":0,"4":0,"5":0},"b":{"0":[0]},"_coverageSchema":"1a1c01bbd47fc00a2c39e90264f33305004495a9","hash":"96692b070a02ba263c7fc99374a6e494c83b4cca"}
,"C:\\Users\\Bishop Nyasha\\OneDrive\\CSE340-STARTER\\cse340-starter\\models\\inventory-model.js": {"path":"C:\\Users\\Bishop Nyasha\\OneDrive\\CSE340-STARTER\\cse340-starter\\models\\inventory-model.js","statementMap":{"0":{"start":{"line":1,"column":13},"end":{"line":1,"column":36}},"1":{"start":{"line":4,"column":14},"end":{"line":8,"column":3}},"2":{"start":{"line":9,"column":17},"end":{"line":9,"column":38}},"3":{"start":{"line":10,"column":2},"end":{"line":10,"column":21}},"4":{"start":{"line":14,"column":14},"end":{"line":18,"column":3}},"5":{"start":{"line":19,"column":17},"end":{"line":19,"column":66}},"6":{"start":{"line":20,"column":2},"end":{"line":20,"column":24}},"7":{"start":{"line":24,"column":14},"end":{"line":30,"column":3}},"8":{"start":{"line":31,"column":17},"end":{"line":31,"column":66}},"9":{"start":{"line":32,"column":2},"end":{"line":32,"column":21}},"10":{"start":{"line":36,"column":14},"end":{"line":41,"column":3}},"11":{"start":{"line":42,"column":17},"end":{"line":42,"column":55}},"12":{"start":{"line":43,"column":2},"end":{"line":43,"column":24}},"13":{"start":{"line":47,"column":14},"end":{"line":51,"column":3}},"14":{"start":{"line":53,"column":2},"end":{"line":67,"column":3}},"15":{"start":{"line":54,"column":19},"end":{"line":54,"column":63}},"16":{"start":{"line":55,"column":4},"end":{"line":55,"column":26}},"17":{"start":{"line":57,"column":4},"end":{"line":61,"column":5}},"18":{"start":{"line":58,"column":24},"end":{"line":58,"column":72}},"19":{"start":{"line":59,"column":6},"end":{"line":59,"column":29}},"20":{"start":{"line":60,"column":6},"end":{"line":60,"column":22}},"21":{"start":{"line":63,"column":20},"end":{"line":63,"column":93}},"22":{"start":{"line":64,"column":4},"end":{"line":64,"column":25}},"23":{"start":{"line":65,"column":4},"end":{"line":65,"column":26}},"24":{"start":{"line":66,"column":4},"end":{"line":66,"column":18}},"25":{"start":{"line":71,"column":14},"end":{"line":78,"column":3}},"26":{"start":{"line":80,"column":17},"end":{"line":91,"column":3}},"27":{"start":{"line":93,"column":2},"end":{"line":107,"column":3}},"28":{"start":{"line":94,"column":19},"end":{"line":94,"column":48}},"29":{"start":{"line":95,"column":4},"end":{"line":95,"column":26}},"30":{"start":{"line":97,"column":4},"end":{"line":101,"column":5}},"31":{"start":{"line":98,"column":36},"end":{"line":98,"column":92}},"32":{"start":{"line":99,"column":6},"end":{"line":99,"column":41}},"33":{"start":{"line":100,"column":6},"end":{"line":100,"column":34}},"34":{"start":{"line":103,"column":20},"end":{"line":103,"column":87}},"35":{"start":{"line":104,"column":4},"end":{"line":104,"column":25}},"36":{"start":{"line":105,"column":4},"end":{"line":105,"column":26}},"37":{"start":{"line":106,"column":4},"end":{"line":106,"column":18}},"38":{"start":{"line":110,"column":0},"end":{"line":117,"column":2}}},"fnMap":{"0":{"name":"getClassifications","decl":{"start":{"line":3,"column":15},"end":{"line":3,"column":33}},"loc":{"start":{"line":3,"column":36},"end":{"line":11,"column":1}},"line":3},"1":{"name":"getClassificationById","decl":{"start":{"line":13,"column":15},"end":{"line":13,"column":36}},"loc":{"start":{"line":13,"column":55},"end":{"line":21,"column":1}},"line":13},"2":{"name":"getInventoryByClassificationId","decl":{"start":{"line":23,"column":15},"end":{"line":23,"column":45}},"loc":{"start":{"line":23,"column":64},"end":{"line":33,"column":1}},"line":23},"3":{"name":"getInventoryById","decl":{"start":{"line":35,"column":15},"end":{"line":35,"column":31}},"loc":{"start":{"line":35,"column":39},"end":{"line":44,"column":1}},"line":35},"4":{"name":"createClassification","decl":{"start":{"line":46,"column":15},"end":{"line":46,"column":35}},"loc":{"start":{"line":46,"column":57},"end":{"line":68,"column":1}},"line":46},"5":{"name":"createVehicle","decl":{"start":{"line":70,"column":15},"end":{"line":70,"column":28}},"loc":{"start":{"line":70,"column":42},"end":{"line":108,"column":1}},"line":70}},"branchMap":{"0":{"loc":{"start":{"line":57,"column":4},"end":{"line":61,"column":5}},"type":"if","locations":[{"start":{"line":57,"column":4},"end":{"line":61,"column":5}},{"start":{},"end":{}}],"line":57},"1":{"loc":{"start":{"line":97,"column":4},"end":{"line":101,"column":5}},"type":"if","locations":[{"start":{"line":97,"column":4},"end":{"line":101,"column":5}},{"start":{},"end":{}}],"line":97}},"s":{"0":2,"1":0,"2":0,"3":0,"4":0,"5":0,"6":0,"7":0,"8":0,"9":0,"10":0,"11":0,"12":0,"13":0,"14":0,"15":0,"16":0,"17":0,"18":0,"19":0,"20":0,"21":0,"22":0,"23":0,"24":0,"25":0,"26":0,"27":0,"28":0,"29":0,"30":0,"31":0,"32":0,"33":0,"34":0,"35":0,"36":0,"37":0,"38":2},"f":{"0":0,"1":0,"2":0,"3":0,"4":0,"5":0},"b":{"0":[0,0],"1":[0,0]},"_coverageSchema":"1a1c01bbd47fc00a2c39e90264f33305004495a9","hash":"21d2005a38a7c335c1deb2ae591dabd9664a7a07"}
,"C:\\Users\\Bishop Nyasha\\OneDrive\\CSE340-STARTER\\cse340-starter\\models\\rating-model.js": {"path":"C:\\Users\\Bishop Nyasha\\OneDrive\\CSE340-STARTER\\cse340-starter\\models\\rating-model.js","statementMap":{"0":{"start":{"line":1,"column":13},"end":{"line":1,"column":36}},"1":{"start":{"line":8,"column":14},"end":{"line":13,"column":3}},"2":{"start":{"line":15,"column":17},"end":{"line":15,"column":69}},"3":{"start":{"line":16,"column":2},"end":{"line":24,"column":3}},"4":{"start":{"line":17,"column":19},"end":{"line":17,"column":48}},"5":{"start":{"line":18,"column":4},"end":{"line":18,"column":26}},"6":{"start":{"line":20,"column":20},"end":{"line":20,"column":83}},"7":{"start":{"line":21,"column":4},"end":{"line":21,"column":25}},"8":{"start":{"line":22,"column":4},"end":{"line":22,"column":26}},"9":{"start":{"line":23,"column":4},"end":{"line":23,"column":18}},"10":{"start":{"line":28,"column":14},"end":{"line":32,"column":3}},"11":{"start":{"line":34,"column":17},"end":{"line":34,"column":55}},"12":{"start":{"line":35,"column":2},"end":{"line":35,"column":24}},"13":{"start":{"line":39,"column":14},"end":{"line":43,"column":3}},"14":{"start":{"line":45,"column":17},"end":{"line":45,"column":74}},"15":{"start":{"line":46,"column":2},"end":{"line":46,"column":32}},"16":{"start":{"line":49,"column":0},"end":{"line":53,"column":2}}},"fnMap":{"0":{"name":"upsertRating","decl":{"start":{"line":7,"column":15},"end":{"line":7,"column":27}},"loc":{"start":{"line":7,"column":60},"end":{"line":25,"column":1}},"line":7},"1":{"name":"getAverageRating","decl":{"start":{"line":27,"column":15},"end":{"line":27,"column":31}},"loc":{"start":{"line":27,"column":39},"end":{"line":36,"column":1}},"line":27},"2":{"name":"getUserRating","decl":{"start":{"line":38,"column":15},"end":{"line":38,"column":28}},"loc":{"start":{"line":38,"column":47},"end":{"line":47,"column":1}},"line":38}},"branchMap":{"0":{"loc":{"start":{"line":46,"column":9},"end":{"line":46,"column":31}},"type":"binary-expr","locations":[{"start":{"line":46,"column":9},"end":{"line":46,"column":23}},{"start":{"line":46,"column":27},"end":{"line":46,"column":31}}],"line":46}},"s":{"0":1,"1":1,"2":1,"3":1,"4":1,"5":1,"6":0,"7":0,"8":0,"9":0,"10":1,"11":1,"12":1,"13":1,"14":1,"15":1,"16":1},"f":{"0":1,"1":1,"2":1},"b":{"0":[1,0]},"_coverageSchema":"1a1c01bbd47fc00a2c39e90264f33305004495a9","hash":"c55e4d1b0561f80bdde27a71eb8978ef641f1647"}
,"C:\\Users\\Bishop Nyasha\\OneDrive\\CSE340-STARTER\\cse340-starter\\models\\review-model.js": {"path":"C:\\Users\\Bishop Nyasha\\OneDrive\\CSE340-STARTER\\cse340-starter\\models\\review-model.js","statementMap":{"0":{"start":{"line":1,"column":13},"end":{"line":1,"column":36}},"1":{"start":{"line":4,"column":14},"end":{"line":8,"column":3}},"2":{"start":{"line":10,"column":17},"end":{"line":10,"column":90}},"3":{"start":{"line":12,"column":2},"end":{"line":22,"column":3}},"4":{"start":{"line":13,"column":19},"end":{"line":13,"column":48}},"5":{"start":{"line":14,"column":4},"end":{"line":14,"column":26}},"6":{"start":{"line":17,"column":20},"end":{"line":17,"column":86}},"7":{"start":{"line":18,"column":4},"end":{"line":18,"column":25}},"8":{"start":{"line":19,"column":4},"end":{"line":19,"column":30}},"9":{"start":{"line":20,"column":4},"end":{"line":20,"column":26}},"10":{"start":{"line":21,"column":4},"end":{"line":21,"column":18}},"11":{"start":{"line":26,"column":14},"end":{"line":33,"column":3}},"12":{"start":{"line":35,"column":17},"end":{"line":35,"column":55}},"13":{"start":{"line":36,"column":2},"end":{"line":36,"column":21}},"14":{"start":{"line":40,"column":14},"end":{"line":44,"column":3}},"15":{"start":{"line":46,"column":17},"end":{"line":46,"column":55}},"16":{"start":{"line":47,"column":2},"end":{"line":47,"column":24}},"17":{"start":{"line":51,"column":14},"end":{"line":58,"column":3}},"18":{"start":{"line":60,"column":17},"end":{"line":60,"column":59}},"19":{"start":{"line":61,"column":2},"end":{"line":61,"column":21}},"20":{"start":{"line":64,"column":0},"end":{"line":69,"column":2}}},"fnMap":{"0":{"name":"addReview","decl":{"start":{"line":3,"column":15},"end":{"line":3,"column":24}},"loc":{"start":{"line":3,"column":70},"end":{"line":23,"column":1}},"line":3},"1":{"name":"getReviewsByInv","decl":{"start":{"line":25,"column":15},"end":{"line":25,"column":30}},"loc":{"start":{"line":25,"column":38},"end":{"line":37,"column":1}},"line":25},"2":{"name":"getAverageRating","decl":{"start":{"line":39,"column":15},"end":{"line":39,"column":31}},"loc":{"start":{"line":39,"column":39},"end":{"line":48,"column":1}},"line":39},"3":{"name":"getReviewsByAccount","decl":{"start":{"line":50,"column":15},"end":{"line":50,"column":34}},"loc":{"start":{"line":50,"column":46},"end":{"line":62,"column":1}},"line":50}},"branchMap":{"0":{"loc":{"start":{"line":10,"column":70},"end":{"line":10,"column":89}},"type":"binary-expr","locations":[{"start":{"line":10,"column":70},"end":{"line":10,"column":81}},{"start":{"line":10,"column":85},"end":{"line":10,"column":89}}],"line":10}},"s":{"0":1,"1":1,"2":1,"3":1,"4":1,"5":1,"6":0,"7":0,"8":0,"9":0,"10":0,"11":1,"12":1,"13":1,"14":1,"15":1,"16":1,"17":0,"18":0,"19":0,"20":1},"f":{"0":1,"1":1,"2":1,"3":0},"b":{"0":[1,0]},"_coverageSchema":"1a1c01bbd47fc00a2c39e90264f33305004495a9","hash":"6552289c16e12c63d30839a942a30ae50ddd3a70"}
,"C:\\Users\\Bishop Nyasha\\OneDrive\\CSE340-STARTER\\cse340-starter\\models\\wishlist-model.js": {"path":"C:\\Users\\Bishop Nyasha\\OneDrive\\CSE340-STARTER\\cse340-starter\\models\\wishlist-model.js","statementMap":{"0":{"start":{"line":1,"column":13},"end":{"line":1,"column":36}},"1":{"start":{"line":4,"column":14},"end":{"line":20,"column":3}},"2":{"start":{"line":21,"column":17},"end":{"line":21,"column":59}},"3":{"start":{"line":22,"column":2},"end":{"line":22,"column":21}},"4":{"start":{"line":26,"column":14},"end":{"line":30,"column":3}},"5":{"start":{"line":31,"column":17},"end":{"line":31,"column":74}},"6":{"start":{"line":32,"column":2},"end":{"line":32,"column":24}},"7":{"start":{"line":36,"column":14},"end":{"line":40,"column":3}},"8":{"start":{"line":41,"column":2},"end":{"line":54,"column":3}},"9":{"start":{"line":42,"column":19},"end":{"line":42,"column":76}},"10":{"start":{"line":43,"column":4},"end":{"line":43,"column":26}},"11":{"start":{"line":45,"column":4},"end":{"line":49,"column":5}},"12":{"start":{"line":46,"column":24},"end":{"line":46,"column":75}},"13":{"start":{"line":47,"column":6},"end":{"line":47,"column":29}},"14":{"start":{"line":48,"column":6},"end":{"line":48,"column":22}},"15":{"start":{"line":50,"column":20},"end":{"line":50,"column":82}},"16":{"start":{"line":51,"column":4},"end":{"line":51,"column":25}},"17":{"start":{"line":52,"column":4},"end":{"line":52,"column":26}},"18":{"start":{"line":53,"column":4},"end":{"line":53,"column":18}},"19":{"start":{"line":58,"column":14},"end":{"line":62,"column":3}},"20":{"start":{"line":63,"column":2},"end":{"line":71,"column":3}},"21":{"start":{"line":64,"column":19},"end":{"line":64,"column":62}},"22":{"start":{"line":65,"column":4},"end":{"line":65,"column":26}},"23":{"start":{"line":67,"column":20},"end":{"line":67,"column":87}},"24":{"start":{"line":68,"column":4},"end":{"line":68,"column":25}},"25":{"start":{"line":69,"column":4},"end":{"line":69,"column":26}},"26":{"start":{"line":70,"column":4},"end":{"line":70,"column":18}},"27":{"start":{"line":74,"column":0},"end":{"line":79,"column":2}}},"fnMap":{"0":{"name":"getWishlistByAccountId","decl":{"start":{"line":3,"column":15},"end":{"line":3,"column":37}},"loc":{"start":{"line":3,"column":49},"end":{"line":23,"column":1}},"line":3},"1":{"name":"getWishlistItem","decl":{"start":{"line":25,"column":15},"end":{"line":25,"column":30}},"loc":{"start":{"line":25,"column":49},"end":{"line":33,"column":1}},"line":25},"2":{"name":"addToWishlist","decl":{"start":{"line":35,"column":15},"end":{"line":35,"column":28}},"loc":{"start":{"line":35,"column":47},"end":{"line":55,"column":1}},"line":35},"3":{"name":"removeFromWishlist","decl":{"start":{"line":57,"column":15},"end":{"line":57,"column":33}},"loc":{"start":{"line":57,"column":46},"end":{"line":72,"column":1}},"line":57}},"branchMap":{"0":{"loc":{"start":{"line":45,"column":4},"end":{"line":49,"column":5}},"type":"if","locations":[{"start":{"line":45,"column":4},"end":{"line":49,"column":5}},{"start":{},"end":{}}],"line":45}},"s":{"0":1,"1":0,"2":0,"3":0,"4":0,"5":0,"6":0,"7":0,"8":0,"9":0,"10":0,"11":0,"12":0,"13":0,"14":0,"15":0,"16":0,"17":0,"18":0,"19":0,"20":0,"21":0,"22":0,"23":0,"24":0,"25":0,"26":0,"27":1},"f":{"0":0,"1":0,"2":0,"3":0},"b":{"0":[0,0]},"_coverageSchema":"1a1c01bbd47fc00a2c39e90264f33305004495a9","hash":"2e8305adbf6b026dfd5db556e32c1592b6af4bf3"}
,"C:\\Users\\Bishop Nyasha\\OneDrive\\CSE340-STARTER\\cse340-starter\\routes\\cartRoute.js": {"path":"C:\\Users\\Bishop Nyasha\\OneDrive\\CSE340-STARTER\\cse340-starter\\routes\\cartRoute.js","statementMap":{"0":{"start":{"line":1,"column":16},"end":{"line":1,"column":34}},"1":{"start":{"line":2,"column":15},"end":{"line":2,"column":31}},"2":{"start":{"line":3,"column":23},"end":{"line":3,"column":63}},"3":{"start":{"line":4,"column":18},"end":{"line":4,"column":41}},"4":{"start":{"line":7,"column":0},"end":{"line":7,"column":65}},"5":{"start":{"line":10,"column":0},"end":{"line":10,"column":70}},"6":{"start":{"line":13,"column":0},"end":{"line":13,"column":87}},"7":{"start":{"line":16,"column":0},"end":{"line":16,"column":74}},"8":{"start":{"line":19,"column":0},"end":{"line":19,"column":72}},"9":{"start":{"line":21,"column":0},"end":{"line":21,"column":24}}},"fnMap":{},"branchMap":{},"s":{"0":1,"1":1,"2":1,"3":1,"4":1,"5":1,"6":1,"7":1,"8":1,"9":1},"f":{},"b":{},"_coverageSchema":"1a1c01bbd47fc00a2c39e90264f33305004495a9","hash":"aca6e53703108c1f26a70bcefe49379a16a02577"}
,"C:\\Users\\Bishop Nyasha\\OneDrive\\CSE340-STARTER\\cse340-starter\\routes\\wishlistRoute.js": {"path":"C:\\Users\\Bishop Nyasha\\OneDrive\\CSE340-STARTER\\cse340-starter\\routes\\wishlistRoute.js","statementMap":{"0":{"start":{"line":1,"column":16},"end":{"line":1,"column":34}},"1":{"start":{"line":2,"column":15},"end":{"line":2,"column":31}},"2":{"start":{"line":3,"column":27},"end":{"line":3,"column":71}},"3":{"start":{"line":4,"column":18},"end":{"line":4,"column":41}},"4":{"start":{"line":7,"column":0},"end":{"line":7,"column":73}},"5":{"start":{"line":10,"column":0},"end":{"line":10,"column":78}},"6":{"start":{"line":13,"column":0},"end":{"line":13,"column":86}},"7":{"start":{"line":15,"column":0},"end":{"line":15,"column":24}}},"fnMap":{},"branchMap":{},"s":{"0":1,"1":1,"2":1,"3":1,"4":1,"5":1,"6":1,"7":1},"f":{},"b":{},"_coverageSchema":"1a1c01bbd47fc00a2c39e90264f33305004495a9","hash":"ca279de30e4c87f20292c785efc802fc9398d020"}
,"C:\\Users\\Bishop Nyasha\\OneDrive\\CSE340-STARTER\\cse340-starter\\utilities\\index.js": {"path":"C:\\Users\\Bishop Nyasha\\OneDrive\\CSE340-STARTER\\cse340-starter\\utilities\\index.js","statementMap":{"0":{"start":{"line":1,"column":12},"end":{"line":1,"column":35}},"1":{"start":{"line":2,"column":17},"end":{"line":2,"column":53}},"2":{"start":{"line":4,"column":19},"end":{"line":4,"column":73}},"3":{"start":{"line":5,"column":23},"end":{"line":5,"column":57}},"4":{"start":{"line":6,"column":24},"end":{"line":6,"column":60}},"5":{"start":{"line":7,"column":27},"end":{"line":7,"column":86}},"6":{"start":{"line":9,"column":18},"end":{"line":9,"column":20}},"7":{"start":{"line":16,"column":0},"end":{"line":33,"column":2}},"8":{"start":{"line":17,"column":26},"end":{"line":17,"column":61}},"9":{"start":{"line":18,"column":12},"end":{"line":18,"column":35}},"10":{"start":{"line":19,"column":2},"end":{"line":19,"column":120}},"11":{"start":{"line":21,"column":2},"end":{"line":29,"column":7}},"12":{"start":{"line":22,"column":32},"end":{"line":22,"column":80}},"13":{"start":{"line":25,"column":8},"end":{"line":25,"column":75}},"14":{"start":{"line":26,"column":6},"end":{"line":28,"column":56}},"15":{"start":{"line":31,"column":2},"end":{"line":31,"column":17}},"16":{"start":{"line":32,"column":2},"end":{"line":32,"column":13}},"17":{"start":{"line":40,"column":0},"end":{"line":54,"column":2}},"18":{"start":{"line":41,"column":26},"end":{"line":41,"column":61}},"19":{"start":{"line":43,"column":4},"end":{"line":43,"column":72}},"20":{"start":{"line":44,"column":2},"end":{"line":44,"column":76}},"21":{"start":{"line":46,"column":2},"end":{"line":50,"column":5}},"22":{"start":{"line":47,"column":4},"end":{"line":49,"column":54}},"23":{"start":{"line":52,"column":2},"end":{"line":52,"column":36}},"24":{"start":{"line":53,"column":2},"end":{"line":53,"column":28}},"25":{"start":{"line":61,"column":0},"end":{"line":85,"column":2}},"26":{"start":{"line":62,"column":2},"end":{"line":64,"column":3}},"27":{"start":{"line":63,"column":4},"end":{"line":63,"column":94}},"28":{"start":{"line":66,"column":20},"end":{"line":82,"column":13}},"29":{"start":{"line":68,"column":20},"end":{"line":68,"column":82}},"30":{"start":{"line":69,"column":20},"end":{"line":69,"column":63}},"31":{"start":{"line":70,"column":6},"end":{"line":80,"column":13}},"32":{"start":{"line":84,"column":2},"end":{"line":84,"column":50}},"33":{"start":{"line":93,"column":0},"end":{"line":135,"column":2}},"34":{"start":{"line":94,"column":2},"end":{"line":96,"column":3}},"35":{"start":{"line":95,"column":4},"end":{"line":95,"column":14}},"36":{"start":{"line":98,"column":16},"end":{"line":98,"column":78}},"37":{"start":{"line":99,"column":16},"end":{"line":99,"column":59}},"38":{"start":{"line":100,"column":16},"end":{"line":100,"column":57}},"39":{"start":{"line":102,"column":22},"end":{"line":102,"column":24}},"40":{"start":{"line":103,"column":2},"end":{"line":116,"column":3}},"41":{"start":{"line":104,"column":4},"end":{"line":109,"column":6}},"42":{"start":{"line":111,"column":4},"end":{"line":115,"column":6}},"43":{"start":{"line":118,"column":2},"end":{"line":134,"column":4}},"44":{"start":{"line":142,"column":0},"end":{"line":148,"column":2}},"45":{"start":{"line":143,"column":2},"end":{"line":147,"column":19}},"46":{"start":{"line":155,"column":0},"end":{"line":157,"column":2}},"47":{"start":{"line":156,"column":2},"end":{"line":156,"column":54}},"48":{"start":{"line":164,"column":0},"end":{"line":168,"column":2}},"49":{"start":{"line":165,"column":2},"end":{"line":167,"column":4}},"50":{"start":{"line":166,"column":4},"end":{"line":166,"column":58}},"51":{"start":{"line":170,"column":0},"end":{"line":179,"column":2}},"52":{"start":{"line":171,"column":2},"end":{"line":171,"column":28}},"53":{"start":{"line":171,"column":16},"end":{"line":171,"column":28}},"54":{"start":{"line":172,"column":2},"end":{"line":178,"column":4}},"55":{"start":{"line":181,"column":0},"end":{"line":185,"column":2}},"56":{"start":{"line":182,"column":2},"end":{"line":184,"column":5}},"57":{"start":{"line":187,"column":0},"end":{"line":200,"column":2}},"58":{"start":{"line":188,"column":24},"end":{"line":193,"column":3}},"59":{"start":{"line":195,"column":2},"end":{"line":197,"column":3}},"60":{"start":{"line":196,"column":4},"end":{"line":196,"column":57}},"61":{"start":{"line":199,"column":2},"end":{"line":199,"column":52}},"62":{"start":{"line":202,"column":0},"end":{"line":208,"column":2}},"63":{"start":{"line":203,"column":2},"end":{"line":207,"column":5}},"64":{"start":{"line":210,"column":0},"end":{"line":232,"column":2}},"65":{"start":{"line":211,"column":16},"end":{"line":211,"column":46}},"66":{"start":{"line":213,"column":2},"end":{"line":217,"column":3}},"67":{"start":{"line":214,"column":4},"end":{"line":214,"column":30}},"68":{"start":{"line":215,"column":4},"end":{"line":215,"column":32}},"69":{"start":{"line":216,"column":4},"end":{"line":216,"column":18}},"70":{"start":{"line":219,"column":2},"end":{"line":229,"column":3}},"71":{"start":{"line":220,"column":24},"end":{"line":220,"column":53}},"72":{"start":{"line":221,"column":4},"end":{"line":221,"column":30}},"73":{"start":{"line":222,"column":4},"end":{"line":222,"column":37}},"74":{"start":{"line":223,"column":4},"end":{"line":223,"column":31}},"75":{"start":{"line":225,"column":4},"end":{"line":225,"column":58}},"76":{"start":{"line":226,"column":4},"end":{"line":226,"column":35}},"77":{"start":{"line":227,"column":4},"end":{"line":227,"column":30}},"78":{"start":{"line":228,"column":4},"end":{"line":228,"column":32}},"79":{"start":{"line":231,"column":2},"end":{"line":231,"column":9}},"80":{"start":{"line":234,"column":0},"end":{"line":241,"column":2}},"81":{"start":{"line":235,"column":2},"end":{"line":238,"column":3}},"82":{"start":{"line":236,"column":4},"end":{"line":236,"column":54}},"83":{"start":{"line":237,"column":4},"end":{"line":237,"column":42}},"84":{"start":{"line":240,"column":2},"end":{"line":240,"column":9}},"85":{"start":{"line":243,"column":0},"end":{"line":251,"column":2}},"86":{"start":{"line":244,"column":2},"end":{"line":248,"column":3}},"87":{"start":{"line":245,"column":4},"end":{"line":247,"column":5}},"88":{"start":{"line":246,"column":6},"end":{"line":246,"column":20}},"89":{"start":{"line":249,"column":2},"end":{"line":249,"column":73}},"90":{"start":{"line":250,"column":2},"end":{"line":250,"column":40}},"91":{"start":{"line":253,"column":0},"end":{"line":253,"column":27}}},"fnMap":{"0":{"name":"getNav","decl":{"start":{"line":16,"column":34},"end":{"line":16,"column":40}},"loc":{"start":{"line":16,"column":72},"end":{"line":33,"column":1}},"line":16},"1":{"name":"(anonymous_1)","decl":{"start":{"line":22,"column":12},"end":{"line":22,"column":13}},"loc":{"start":{"line":22,"column":32},"end":{"line":22,"column":80}},"line":22},"2":{"name":"(anonymous_2)","decl":{"start":{"line":23,"column":13},"end":{"line":23,"column":14}},"loc":{"start":{"line":23,"column":33},"end":{"line":29,"column":5}},"line":23},"3":{"name":"buildClassificationList","decl":{"start":{"line":40,"column":51},"end":{"line":40,"column":74}},"loc":{"start":{"line":40,"column":94},"end":{"line":54,"column":1}},"line":40},"4":{"name":"(anonymous_4)","decl":{"start":{"line":46,"column":26},"end":{"line":46,"column":27}},"loc":{"start":{"line":46,"column":46},"end":{"line":50,"column":3}},"line":46},"5":{"name":"buildClassificationGrid","decl":{"start":{"line":61,"column":45},"end":{"line":61,"column":68}},"loc":{"start":{"line":61,"column":80},"end":{"line":85,"column":1}},"line":61},"6":{"name":"(anonymous_6)","decl":{"start":{"line":67,"column":9},"end":{"line":67,"column":10}},"loc":{"start":{"line":67,"column":22},"end":{"line":81,"column":5}},"line":67},"7":{"name":"buildVehicleDetail","decl":{"start":{"line":93,"column":40},"end":{"line":93,"column":58}},"loc":{"start":{"line":93,"column":88},"end":{"line":135,"column":1}},"line":93},"8":{"name":"formatCurrency","decl":{"start":{"line":142,"column":36},"end":{"line":142,"column":50}},"loc":{"start":{"line":142,"column":58},"end":{"line":148,"column":1}},"line":142},"9":{"name":"formatNumber","decl":{"start":{"line":155,"column":34},"end":{"line":155,"column":46}},"loc":{"start":{"line":155,"column":54},"end":{"line":157,"column":1}},"line":155},"10":{"name":"handleErrors","decl":{"start":{"line":164,"column":34},"end":{"line":164,"column":46}},"loc":{"start":{"line":164,"column":57},"end":{"line":168,"column":1}},"line":164},"11":{"name":"wrappedController","decl":{"start":{"line":165,"column":18},"end":{"line":165,"column":35}},"loc":{"start":{"line":165,"column":52},"end":{"line":167,"column":3}},"line":165},"12":{"name":"buildAuthPayload","decl":{"start":{"line":170,"column":38},"end":{"line":170,"column":54}},"loc":{"start":{"line":170,"column":64},"end":{"line":179,"column":1}},"line":170},"13":{"name":"generateJWT","decl":{"start":{"line":181,"column":33},"end":{"line":181,"column":44}},"loc":{"start":{"line":181,"column":68},"end":{"line":185,"column":1}},"line":181},"14":{"name":"attachAuthCookie","decl":{"start":{"line":187,"column":38},"end":{"line":187,"column":54}},"loc":{"start":{"line":187,"column":67},"end":{"line":200,"column":1}},"line":187},"15":{"name":"clearAuthCookie","decl":{"start":{"line":202,"column":37},"end":{"line":202,"column":52}},"loc":{"start":{"line":202,"column":58},"end":{"line":208,"column":1}},"line":202},"16":{"name":"checkJWTToken","decl":{"start":{"line":210,"column":35},"end":{"line":210,"column":48}},"loc":{"start":{"line":210,"column":65},"end":{"line":232,"column":1}},"line":210},"17":{"name":"requireAuth","decl":{"start":{"line":234,"column":33},"end":{"line":234,"column":44}},"loc":{"start":{"line":234,"column":61},"end":{"line":241,"column":1}},"line":234},"18":{"name":"(anonymous_18)","decl":{"start":{"line":243,"column":29},"end":{"line":243,"column":30}},"loc":{"start":{"line":243,"column":55},"end":{"line":251,"column":1}},"line":243}},"branchMap":{"0":{"loc":{"start":{"line":4,"column":19},"end":{"line":4,"column":73}},"type":"binary-expr","locations":[{"start":{"line":4,"column":19},"end":{"line":4,"column":50}},{"start":{"line":4,"column":54},"end":{"line":4,"column":73}}],"line":4},"1":{"loc":{"start":{"line":5,"column":23},"end":{"line":5,"column":57}},"type":"binary-expr","locations":[{"start":{"line":5,"column":23},"end":{"line":5,"column":49}},{"start":{"line":5,"column":53},"end":{"line":5,"column":57}}],"line":5},"2":{"loc":{"start":{"line":6,"column":24},"end":{"line":6,"column":60}},"type":"binary-expr","locations":[{"start":{"line":6,"column":24},"end":{"line":6,"column":51}},{"start":{"line":6,"column":55},"end":{"line":6,"column":60}}],"line":6},"3":{"loc":{"start":{"line":7,"column":27},"end":{"line":7,"column":86}},"type":"binary-expr","locations":[{"start":{"line":7,"column":27},"end":{"line":7,"column":68}},{"start":{"line":7,"column":72},"end":{"line":7,"column":86}}],"line":7},"4":{"loc":{"start":{"line":16,"column":41},"end":{"line":16,"column":70}},"type":"default-arg","locations":[{"start":{"line":16,"column":66},"end":{"line":16,"column":70}}],"line":16},"5":{"loc":{"start":{"line":19,"column":45},"end":{"line":19,"column":103}},"type":"cond-expr","locations":[{"start":{"line":19,"column":81},"end":{"line":19,"column":98}},{"start":{"line":19,"column":101},"end":{"line":19,"column":103}}],"line":19},"6":{"loc":{"start":{"line":27,"column":8},"end":{"line":27,"column":41}},"type":"cond-expr","locations":[{"start":{"line":27,"column":19},"end":{"line":27,"column":36}},{"start":{"line":27,"column":39},"end":{"line":27,"column":41}}],"line":27},"7":{"loc":{"start":{"line":40,"column":75},"end":{"line":40,"column":92}},"type":"default-arg","locations":[{"start":{"line":40,"column":88},"end":{"line":40,"column":92}}],"line":40},"8":{"loc":{"start":{"line":48,"column":6},"end":{"line":48,"column":80}},"type":"cond-expr","locations":[{"start":{"line":48,"column":64},"end":{"line":48,"column":75}},{"start":{"line":48,"column":78},"end":{"line":48,"column":80}}],"line":48},"9":{"loc":{"start":{"line":61,"column":69},"end":{"line":61,"column":78}},"type":"default-arg","locations":[{"start":{"line":61,"column":76},"end":{"line":61,"column":78}}],"line":61},"10":{"loc":{"start":{"line":62,"column":2},"end":{"line":64,"column":3}},"type":"if","locations":[{"start":{"line":62,"column":2},"end":{"line":64,"column":3}},{"start":{},"end":{}}],"line":62},"11":{"loc":{"start":{"line":62,"column":6},"end":{"line":62,"column":42}},"type":"binary-expr","locations":[{"start":{"line":62,"column":6},"end":{"line":62,"column":26}},{"start":{"line":62,"column":30},"end":{"line":62,"column":42}}],"line":62},"12":{"loc":{"start":{"line":93,"column":68},"end":{"line":93,"column":86}},"type":"default-arg","locations":[{"start":{"line":93,"column":82},"end":{"line":93,"column":86}}],"line":93},"13":{"loc":{"start":{"line":94,"column":2},"end":{"line":96,"column":3}},"type":"if","locations":[{"start":{"line":94,"column":2},"end":{"line":96,"column":3}},{"start":{},"end":{}}],"line":94},"14":{"loc":{"start":{"line":103,"column":2},"end":{"line":116,"column":3}},"type":"if","locations":[{"start":{"line":103,"column":2},"end":{"line":116,"column":3}},{"start":{"line":110,"column":9},"end":{"line":116,"column":3}}],"line":103},"15":{"loc":{"start":{"line":171,"column":2},"end":{"line":171,"column":28}},"type":"if","locations":[{"start":{"line":171,"column":2},"end":{"line":171,"column":28}},{"start":{},"end":{}}],"line":171},"16":{"loc":{"start":{"line":181,"column":54},"end":{"line":181,"column":66}},"type":"default-arg","locations":[{"start":{"line":181,"column":64},"end":{"line":181,"column":66}}],"line":181},"17":{"loc":{"start":{"line":183,"column":15},"end":{"line":183,"column":50}},"type":"binary-expr","locations":[{"start":{"line":183,"column":15},"end":{"line":183,"column":32}},{"start":{"line":183,"column":36},"end":{"line":183,"column":50}}],"line":183},"18":{"loc":{"start":{"line":195,"column":2},"end":{"line":197,"column":3}},"type":"if","locations":[{"start":{"line":195,"column":2},"end":{"line":197,"column":3}},{"start":{},"end":{}}],"line":195},"19":{"loc":{"start":{"line":213,"column":2},"end":{"line":217,"column":3}},"type":"if","locations":[{"start":{"line":213,"column":2},"end":{"line":217,"column":3}},{"start":{},"end":{}}],"line":213},"20":{"loc":{"start":{"line":235,"column":2},"end":{"line":238,"column":3}},"type":"if","locations":[{"start":{"line":235,"column":2},"end":{"line":238,"column":3}},{"start":{},"end":{}}],"line":235},"21":{"loc":{"start":{"line":244,"column":2},"end":{"line":248,"column":3}},"type":"if","locations":[{"start":{"line":244,"column":2},"end":{"line":248,"column":3}},{"start":{},"end":{}}],"line":244},"22":{"loc":{"start":{"line":245,"column":4},"end":{"line":247,"column":5}},"type":"if","locations":[{"start":{"line":245,"column":4},"end":{"line":247,"column":5}},{"start":{},"end":{}}],"line":245},"23":{"loc":{"start":{"line":245,"column":8},"end":{"line":245,"column":87}},"type":"binary-expr","locations":[{"start":{"line":245,"column":8},"end":{"line":245,"column":47}},{"start":{"line":245,"column":51},"end":{"line":245,"column":87}}],"line":245}},"s":{"0":3,"1":3,"2":3,"3":3,"4":3,"5":3,"6":3,"7":3,"8":0,"9":0,"10":0,"11":0,"12":0,"13":0,"14":0,"15":0,"16":0,"17":3,"18":0,"19":0,"20":0,"21":0,"22":0,"23":0,"24":0,"25":3,"26":0,"27":0,"28":0,"29":0,"30":0,"31":0,"32":0,"33":3,"34":0,"35":0,"36":0,"37":0,"38":0,"39":0,"40":0,"41":0,"42":0,"43":0,"44":3,"45":0,"46":3,"47":0,"48":3,"49":8,"50":2,"51":3,"52":0,"53":0,"54":0,"55":3,"56":0,"57":3,"58":0,"59":0,"60":0,"61":0,"62":3,"63":0,"64":3,"65":0,"66":0,"67":0,"68":0,"69":0,"70":0,"71":0,"72":0,"73":0,"74":0,"75":0,"76":0,"77":0,"78":0,"79":0,"80":3,"81":0,"82":0,"83":0,"84":0,"85":3,"86":0,"87":0,"88":0,"89":0,"90":0,"91":3},"f":{"0":0,"1":0,"2":0,"3":0,"4":0,"5":0,"6":0,"7":0,"8":0,"9":0,"10":8,"11":2,"12":0,"13":0,"14":0,"15":0,"16":0,"17":0,"18":0},"b":{"0":[3,3],"1":[3,3],"2":[3,3],"3":[3,3],"4":[0],"5":[0,0],"6":[0,0],"7":[0],"8":[0,0],"9":[0],"10":[0,0],"11":[0,0],"12":[0],"13":[0,0],"14":[0,0],"15":[0,0],"16":[0],"17":[0,0],"18":[0,0],"19":[0,0],"20":[0,0],"21":[0,0],"22":[0,0],"23":[0,0]},"_coverageSchema":"1a1c01bbd47fc00a2c39e90264f33305004495a9","hash":"69584924a9f154ae7af55a7e06dfa0174264e37f"}
}
