TN:
SF:controllers\cartController.js
FN:7,viewCart
FN:18,(anonymous_1)
FN:36,addToCart
FN:77,updateQuantity
FN:117,removeItem
FN:151,clearCart
FNF:6
FNH:1
FNDA:0,viewCart
FNDA:0,(anonymous_1)
FNDA:5,addToCart
FNDA:0,updateQuantity
FNDA:0,removeItem
FNDA:0,clearCart
DA:1,2
DA:2,2
DA:3,2
DA:5,2
DA:7,2
DA:8,0
DA:9,0
DA:10,0
DA:11,0
DA:14,0
DA:15,0
DA:17,0
DA:18,0
DA:19,0
DA:22,0
DA:30,0
DA:31,0
DA:32,0
DA:36,2
DA:37,5
DA:38,5
DA:39,1
DA:40,1
DA:43,4
DA:45,4
DA:46,1
DA:52,3
DA:53,3
DA:54,1
DA:60,2
DA:61,2
DA:63,1
DA:69,1
DA:70,1
DA:77,2
DA:78,0
DA:79,0
DA:80,0
DA:86,0
DA:88,0
DA:89,0
DA:95,0
DA:96,0
DA:97,0
DA:103,0
DA:109,0
DA:110,0
DA:117,2
DA:118,0
DA:119,0
DA:120,0
DA:126,0
DA:128,0
DA:129,0
DA:135,0
DA:136,0
DA:138,0
DA:143,0
DA:144,0
DA:151,2
DA:152,0
DA:153,0
DA:154,0
DA:160,0
DA:161,0
DA:163,0
DA:168,0
DA:169,0
DA:176,2
LF:69
LH:25
BRDA:9,0,0,0
BRDA:9,0,1,0
BRDA:38,1,0,1
BRDA:38,1,1,4
BRDA:43,2,0,0
BRDA:45,3,0,1
BRDA:45,3,1,3
BRDA:45,4,0,4
BRDA:45,4,1,3
BRDA:45,4,2,3
BRDA:53,5,0,1
BRDA:53,5,1,2
BRDA:72,6,0,1
BRDA:72,6,1,0
BRDA:79,7,0,0
BRDA:79,7,1,0
BRDA:88,8,0,0
BRDA:88,8,1,0
BRDA:88,9,0,0
BRDA:88,9,1,0
BRDA:96,10,0,0
BRDA:96,10,1,0
BRDA:119,11,0,0
BRDA:119,11,1,0
BRDA:128,12,0,0
BRDA:128,12,1,0
BRDA:153,13,0,0
BRDA:153,13,1,0
BRF:28
BRH:10
end_of_record
TN:
SF:controllers\wishlistController.js
FN:7,viewWishlist
FN:30,addToWishlist
FN:79,removeFromWishlist
FNF:3
FNH:1
FNDA:0,viewWishlist
FNDA:5,addToWishlist
FNDA:0,removeFromWishlist
DA:1,2
DA:2,2
DA:3,2
DA:5,2
DA:7,2
DA:8,0
DA:9,0
DA:10,0
DA:11,0
DA:14,0
DA:15,0
DA:17,0
DA:24,0
DA:25,0
DA:26,0
DA:30,2
DA:31,5
DA:32,5
DA:33,1
DA:34,1
DA:37,4
DA:39,4
DA:40,1
DA:46,3
DA:47,3
DA:48,1
DA:54,2
DA:55,2
DA:56,0
DA:62,2
DA:63,2
DA:65,1
DA:71,1
DA:72,1
DA:79,2
DA:80,0
DA:81,0
DA:82,0
DA:88,0
DA:90,0
DA:91,0
DA:97,0
DA:98,0
DA:100,0
DA:105,0
DA:106,0
DA:113,2
LF:47
LH:25
BRDA:9,0,0,0
BRDA:9,0,1,0
BRDA:32,1,0,1
BRDA:32,1,1,4
BRDA:39,2,0,1
BRDA:39,2,1,3
BRDA:39,3,0,4
BRDA:39,3,1,3
BRDA:47,4,0,1
BRDA:47,4,1,2
BRDA:55,5,0,0
BRDA:55,5,1,2
BRDA:74,6,0,1
BRDA:74,6,1,0
BRDA:81,7,0,0
BRDA:81,7,1,0
BRDA:90,8,0,0
BRDA:90,8,1,0
BRF:18
BRH:10
end_of_record
TN:
SF:database\index.js
FN:10,(anonymous_0)
FN:53,(anonymous_1)
FNF:2
FNH:1
FNDA:0,(anonymous_0)
FNDA:6,(anonymous_1)
DA:1,6
DA:8,6
DA:10,6
DA:11,0
DA:12,0
DA:14,0
DA:15,0
DA:17,0
DA:18,0
DA:20,0
DA:23,0
DA:24,0
DA:26,0
DA:30,6
DA:31,0
DA:32,0
DA:33,0
DA:34,0
DA:36,0
DA:38,6
DA:39,6
DA:40,6
DA:41,6
DA:42,6
DA:53,6
DA:54,6
DA:55,6
DA:56,6
DA:57,6
DA:58,6
DA:61,6
DA:63,0
DA:64,0
DA:67,6
DA:69,6
LF:35
LH:18
BRDA:14,0,0,0
BRDA:14,0,1,0
BRDA:14,1,0,0
BRDA:14,1,1,0
BRDA:14,1,2,0
BRDA:17,2,0,0
BRDA:17,2,1,0
BRDA:23,3,0,0
BRDA:23,3,1,0
BRDA:23,4,0,0
BRDA:23,4,1,0
BRDA:26,5,0,0
BRDA:26,5,1,0
BRDA:30,6,0,0
BRDA:30,6,1,6
BRDA:33,7,0,0
BRDA:33,7,1,0
BRDA:33,8,0,0
BRDA:33,8,1,0
BRDA:54,9,0,0
BRDA:54,9,1,6
BRDA:55,10,0,0
BRDA:55,10,1,6
BRDA:56,11,0,0
BRDA:56,11,1,6
BRDA:57,12,0,0
BRDA:57,12,1,6
BRDA:61,13,0,0
BRDA:61,13,1,6
BRDA:63,14,0,0
BRDA:63,14,1,0
BRF:31
BRH:6
end_of_record
TN:
SF:models\cart-model.js
FN:3,getCartByAccountId
FN:26,getCartItem
FN:36,addToCart
FN:55,updateCartQuantity
FN:73,removeFromCart
FN:90,clearCart
FNF:6
FNH:0
FNDA:0,getCartByAccountId
FNDA:0,getCartItem
FNDA:0,addToCart
FNDA:0,updateCartQuantity
FNDA:0,removeFromCart
FNDA:0,clearCart
DA:1,1
DA:4,0
DA:22,0
DA:23,0
DA:27,0
DA:32,0
DA:33,0
DA:37,0
DA:44,0
DA:45,0
DA:46,0
DA:48,0
DA:49,0
DA:50,0
DA:51,0
DA:56,0
DA:62,0
DA:63,0
DA:64,0
DA:66,0
DA:67,0
DA:68,0
DA:69,0
DA:74,0
DA:79,0
DA:80,0
DA:81,0
DA:83,0
DA:84,0
DA:85,0
DA:86,0
DA:91,0
DA:95,0
DA:96,0
DA:97,0
DA:99,0
DA:100,0
DA:101,0
DA:102,0
DA:106,1
LF:40
LH:2
BRDA:36,0,0,0
BRF:1
BRH:0
end_of_record
TN:
SF:models\inventory-model.js
FN:3,getClassifications
FN:13,getClassificationById
FN:23,getInventoryByClassificationId
FN:35,getInventoryById
FN:46,createClassification
FN:70,createVehicle
FNF:6
FNH:0
FNDA:0,getClassifications
FNDA:0,getClassificationById
FNDA:0,getInventoryByClassificationId
FNDA:0,getInventoryById
FNDA:0,createClassification
FNDA:0,createVehicle
DA:1,2
DA:4,0
DA:9,0
DA:10,0
DA:14,0
DA:19,0
DA:20,0
DA:24,0
DA:31,0
DA:32,0
DA:36,0
DA:42,0
DA:43,0
DA:47,0
DA:53,0
DA:54,0
DA:55,0
DA:57,0
DA:58,0
DA:59,0
DA:60,0
DA:63,0
DA:64,0
DA:65,0
DA:66,0
DA:71,0
DA:80,0
DA:93,0
DA:94,0
DA:95,0
DA:97,0
DA:98,0
DA:99,0
DA:100,0
DA:103,0
DA:104,0
DA:105,0
DA:106,0
DA:110,2
LF:39
LH:2
BRDA:57,0,0,0
BRDA:57,0,1,0
BRDA:97,1,0,0
BRDA:97,1,1,0
BRF:4
BRH:0
end_of_record
TN:
SF:models\rating-model.js
FN:7,upsertRating
FN:27,getAverageRating
FN:38,getUserRating
FNF:3
FNH:3
FNDA:1,upsertRating
FNDA:1,getAverageRating
FNDA:1,getUserRating
DA:1,1
DA:8,1
DA:15,1
DA:16,1
DA:17,1
DA:18,1
DA:20,0
DA:21,0
DA:22,0
DA:23,0
DA:28,1
DA:34,1
DA:35,1
DA:39,1
DA:45,1
DA:46,1
DA:49,1
LF:17
LH:13
BRDA:46,0,0,1
BRDA:46,0,1,0
BRF:2
BRH:1
end_of_record
TN:
SF:models\review-model.js
FN:3,addReview
FN:25,getReviewsByInv
FN:39,getAverageRating
FN:50,getReviewsByAccount
FNF:4
FNH:3
FNDA:1,addReview
FNDA:1,getReviewsByInv
FNDA:1,getAverageRating
FNDA:0,getReviewsByAccount
DA:1,1
DA:4,1
DA:10,1
DA:12,1
DA:13,1
DA:14,1
DA:17,0
DA:18,0
DA:19,0
DA:20,0
DA:21,0
DA:26,1
DA:35,1
DA:36,1
DA:40,1
DA:46,1
DA:47,1
DA:51,0
DA:60,0
DA:61,0
DA:64,1
LF:21
LH:13
BRDA:10,0,0,1
BRDA:10,0,1,0
BRF:2
BRH:1
end_of_record
TN:
SF:models\wishlist-model.js
FN:3,getWishlistByAccountId
FN:25,getWishlistItem
FN:35,addToWishlist
FN:57,removeFromWishlist
FNF:4
FNH:0
FNDA:0,getWishlistByAccountId
FNDA:0,getWishlistItem
FNDA:0,addToWishlist
FNDA:0,removeFromWishlist
DA:1,1
DA:4,0
DA:21,0
DA:22,0
DA:26,0
DA:31,0
DA:32,0
DA:36,0
DA:41,0
DA:42,0
DA:43,0
DA:45,0
DA:46,0
DA:47,0
DA:48,0
DA:50,0
DA:51,0
DA:52,0
DA:53,0
DA:58,0
DA:63,0
DA:64,0
DA:65,0
DA:67,0
DA:68,0
DA:69,0
DA:70,0
DA:74,1
LF:28
LH:2
BRDA:45,0,0,0
BRDA:45,0,1,0
BRF:2
BRH:0
end_of_record
TN:
SF:routes\cartRoute.js
FNF:0
FNH:0
DA:1,1
DA:2,1
DA:3,1
DA:4,1
DA:7,1
DA:10,1
DA:13,1
DA:16,1
DA:19,1
DA:21,1
LF:10
LH:10
BRF:0
BRH:0
end_of_record
TN:
SF:routes\wishlistRoute.js
FNF:0
FNH:0
DA:1,1
DA:2,1
DA:3,1
DA:4,1
DA:7,1
DA:10,1
DA:13,1
DA:15,1
LF:8
LH:8
BRF:0
BRH:0
end_of_record
TN:
SF:utilities\index.js
FN:16,getNav
FN:22,(anonymous_1)
FN:23,(anonymous_2)
FN:40,buildClassificationList
FN:46,(anonymous_4)
FN:61,buildClassificationGrid
FN:67,(anonymous_6)
FN:93,buildVehicleDetail
FN:142,formatCurrency
FN:155,formatNumber
FN:164,handleErrors
FN:165,wrappedController
FN:170,buildAuthPayload
FN:181,generateJWT
FN:187,attachAuthCookie
FN:202,clearAuthCookie
FN:210,checkJWTToken
FN:234,requireAuth
FN:243,(anonymous_18)
FNF:19
FNH:2
FNDA:0,getNav
FNDA:0,(anonymous_1)
FNDA:0,(anonymous_2)
FNDA:0,buildClassificationList
FNDA:0,(anonymous_4)
FNDA:0,buildClassificationGrid
FNDA:0,(anonymous_6)
FNDA:0,buildVehicleDetail
FNDA:0,formatCurrency
FNDA:0,formatNumber
FNDA:8,handleErrors
FNDA:2,wrappedController
FNDA:0,buildAuthPayload
FNDA:0,generateJWT
FNDA:0,attachAuthCookie
FNDA:0,clearAuthCookie
FNDA:0,checkJWTToken
FNDA:0,requireAuth
FNDA:0,(anonymous_18)
DA:1,3
DA:2,3
DA:4,3
DA:5,3
DA:6,3
DA:7,3
DA:9,3
DA:16,3
DA:17,0
DA:18,0
DA:19,0
DA:21,0
DA:22,0
DA:25,0
DA:26,0
DA:31,0
DA:32,0
DA:40,3
DA:41,0
DA:43,0
DA:44,0
DA:46,0
DA:47,0
DA:52,0
DA:53,0
DA:61,3
DA:62,0
DA:63,0
DA:66,0
DA:68,0
DA:69,0
DA:70,0
DA:84,0
DA:93,3
DA:94,0
DA:95,0
DA:98,0
DA:99,0
DA:100,0
DA:102,0
DA:103,0
DA:104,0
DA:111,0
DA:118,0
DA:142,3
DA:143,0
DA:155,3
DA:156,0
DA:164,3
DA:165,8
DA:166,2
DA:170,3
DA:171,0
DA:172,0
DA:181,3
DA:182,0
DA:187,3
DA:188,0
DA:195,0
DA:196,0
DA:199,0
DA:202,3
DA:203,0
DA:210,3
DA:211,0
DA:213,0
DA:214,0
DA:215,0
DA:216,0
DA:219,0
DA:220,0
DA:221,0
DA:222,0
DA:223,0
DA:225,0
DA:226,0
DA:227,0
DA:228,0
DA:231,0
DA:234,3
DA:235,0
DA:236,0
DA:237,0
DA:240,0
DA:243,3
DA:244,0
DA:245,0
DA:246,0
DA:249,0
DA:250,0
DA:253,3
LF:91
LH:24
BRDA:4,0,0,3
BRDA:4,0,1,3
BRDA:5,1,0,3
BRDA:5,1,1,3
BRDA:6,2,0,3
BRDA:6,2,1,3
BRDA:7,3,0,3
BRDA:7,3,1,3
BRDA:16,4,0,0
BRDA:19,5,0,0
BRDA:19,5,1,0
BRDA:27,6,0,0
BRDA:27,6,1,0
BRDA:40,7,0,0
BRDA:48,8,0,0
BRDA:48,8,1,0
BRDA:61,9,0,0
BRDA:62,10,0,0
BRDA:62,10,1,0
BRDA:62,11,0,0
BRDA:62,11,1,0
BRDA:93,12,0,0
BRDA:94,13,0,0
BRDA:94,13,1,0
BRDA:103,14,0,0
BRDA:103,14,1,0
BRDA:171,15,0,0
BRDA:171,15,1,0
BRDA:181,16,0,0
BRDA:183,17,0,0
BRDA:183,17,1,0
BRDA:195,18,0,0
BRDA:195,18,1,0
BRDA:213,19,0,0
BRDA:213,19,1,0
BRDA:235,20,0,0
BRDA:235,20,1,0
BRDA:244,21,0,0
BRDA:244,21,1,0
BRDA:245,22,0,0
BRDA:245,22,1,0
BRDA:245,23,0,0
BRDA:245,23,1,0
BRF:43
BRH:8
end_of_record
